mode: atomic
url_shortener/cmd/url_shortener/main.go:15.14,19.2 0 0
url_shortener/internal/pg/client.go:19.37,22.2 2 4
url_shortener/internal/pg/client.go:24.52,28.16 4 4
url_shortener/internal/pg/client.go:31.2,34.12 4 4
url_shortener/internal/pg/client.go:28.16,30.3 1 0
url_shortener/internal/pg/client.go:37.32,39.2 1 4
url_shortener/internal/pg/config.go:8.49,13.30 2 4
url_shortener/internal/pg/config.go:16.2,16.11 1 4
url_shortener/internal/pg/config.go:13.30,15.3 1 0
url_shortener/internal/pg/config.go:19.44,20.25 1 0
url_shortener/internal/pg/config.go:20.25,22.3 1 0
url_shortener/internal/pg/config.go:25.45,26.25 1 0
url_shortener/internal/pg/config.go:26.25,28.3 1 0
url_shortener/internal/pg/urls.go:9.63,11.2 1 3
url_shortener/internal/pg/urls.go:17.77,25.2 2 3
url_shortener/internal/pg/urls.go:27.81,36.2 4 1
url_shortener/internal/pg/urls.go:38.89,47.2 4 1
