mode: atomic
url_shortener/cmd/url_shortener/main.go:15.14,19.2 0 0
url_shortener/internal/publicapi/router.go:18.58,24.2 2 2
url_shortener/internal/publicapi/router.go:26.38,30.2 2 2
url_shortener/internal/publicapi/router.go:32.36,33.16 1 0
url_shortener/internal/publicapi/router.go:36.2,36.49 1 0
url_shortener/internal/publicapi/router.go:33.16,35.3 1 0
url_shortener/internal/publicapi/router.go:39.69,43.16 4 1
url_shortener/internal/publicapi/router.go:46.2,47.35 2 1
url_shortener/internal/publicapi/router.go:43.16,45.3 1 1
url_shortener/internal/publicapi/router.go:50.67,53.16 3 1
url_shortener/internal/publicapi/router.go:56.2,57.16 2 1
url_shortener/internal/publicapi/router.go:60.2,61.16 2 1
url_shortener/internal/publicapi/router.go:64.2,65.13 2 1
url_shortener/internal/publicapi/router.go:53.16,55.3 1 0
url_shortener/internal/publicapi/router.go:57.16,59.3 1 0
url_shortener/internal/publicapi/router.go:61.16,63.3 1 0
url_shortener/internal/publicapi/service.go:8.85,10.2 1 2
url_shortener/internal/publicapi/service.go:16.84,18.16 2 1
url_shortener/internal/publicapi/service.go:21.2,21.18 1 0
url_shortener/internal/publicapi/service.go:18.16,20.3 1 1
url_shortener/internal/publicapi/service.go:24.88,27.2 2 1
url_shortener/internal/publicapi/service.go:29.96,32.2 2 0
url_shortener/internal/pg/client.go:19.37,22.2 2 4
url_shortener/internal/pg/client.go:24.52,28.16 4 4
url_shortener/internal/pg/client.go:31.2,34.12 4 4
url_shortener/internal/pg/client.go:28.16,30.3 1 0
url_shortener/internal/pg/client.go:37.32,39.2 1 4
url_shortener/internal/pg/config.go:8.49,13.30 2 4
url_shortener/internal/pg/config.go:16.2,16.11 1 4
url_shortener/internal/pg/config.go:13.30,15.3 1 0
url_shortener/internal/pg/config.go:19.44,20.25 1 0
url_shortener/internal/pg/config.go:20.25,22.3 1 0
url_shortener/internal/pg/config.go:25.45,26.25 1 0
url_shortener/internal/pg/config.go:26.25,28.3 1 0
url_shortener/internal/pg/urls.go:9.63,11.2 1 3
url_shortener/internal/pg/urls.go:17.77,25.2 2 3
url_shortener/internal/pg/urls.go:27.81,36.2 4 1
url_shortener/internal/pg/urls.go:38.89,47.2 4 1
